[demo.casethemes.net/aimo/ai-is-improving-retail-customer-experience/index.html]
[backblue.gif]
[fade.gif]
[index.html]
[demo.casethemes.net/aimo/wp-content/plugins/elementor/assets/lib/font-awesome/css/all.min52d5.css]
[demo.casethemes.net/aimo/ai-is-improving-retail-customer-experience/feed/index.html]
[demo.casethemes.net/aimo/wp-content/plugins/case-addons/assets/css/pxl-main-css.min8a54.css]
[demo.casethemes.net/aimo/wp-content/plugins/contact-form-7/includes/css/contact-form-7.min37ad.css]
[demo.casethemes.net/aimo/wp-content/plugins/envato-purchase-link/css/purchase-link-css.min8a54.css]
[demo.casethemes.net/aimo/wp-content/plugins/revslider/public/css/sr7css.min51c0.css]
[demo.casethemes.net/aimo/wp-content/plugins/woocommerce/assets/css/woocommerce-layout.minceb1.css]
[demo.casethemes.net/aimo/wp-content/plugins/woocommerce/assets/css/woocommerce-smallscreen.minceb1.css]
[demo.casethemes.net/aimo/wp-content/plugins/woocommerce/assets/css/woocommerce-general.minceb1.css]
[demo.casethemes.net/aimo/wp-content/plugins/elementor/assets/lib/eicons/css/elementor-icons.min444a.css]
[demo.casethemes.net/aimo/wp-content/uploads/elementor/css/custom-frontend.minf15e.css]
[demo.casethemes.net/aimo/wp-content/plugins/elementor/assets/lib/swiper/v8/css/swiper.min94a4.css]
[demo.casethemes.net/aimo/wp-content/plugins/elementor/assets/css/conditionals/e-swiper.min18be.css]
[demo.casethemes.net/aimo/wp-content/uploads/elementor/css/post-7f15e.css]
[demo.casethemes.net/aimo/wp-content/uploads/elementor/css/post-73630be.css]
[demo.casethemes.net/aimo/wp-content/uploads/elementor/css/post-7688cf8.css]
[demo.casethemes.net/aimo/wp-content/uploads/elementor/css/post-78f15e.css]
[demo.casethemes.net/aimo/wp-content/uploads/elementor/css/post-738f15e.css]
[demo.casethemes.net/aimo/wp-content/uploads/elementor/css/post-634f15e.css]
[demo.casethemes.net/aimo/wp-content/uploads/elementor/css/post-674f15e.css]
[demo.casethemes.net/aimo/wp-content/uploads/elementor/css/post-18968a08.css]
[demo.casethemes.net/aimo/wp-content/uploads/elementor/css/post-19108a08.css]
[demo.casethemes.net/aimo/wp-content/uploads/elementor/css/post-29818a08.css]
[demo.casethemes.net/aimo/wp-content/uploads/elementor/css/post-30278a08.css]
[demo.casethemes.net/aimo/wp-content/uploads/elementor/css/post-31798a08.css]
[demo.casethemes.net/aimo/wp-content/uploads/elementor/css/post-31828a08.css]
[demo.casethemes.net/aimo/wp-content/uploads/elementor/css/post-50048a08.css]
[demo.casethemes.net/aimo/wp-content/uploads/elementor/css/post-50058a08.css]
[demo.casethemes.net/aimo/wp-content/uploads/elementor/css/post-51228a08.css]
[demo.casethemes.net/aimo/wp-content/uploads/elementor/css/post-51248a08.css]
[demo.casethemes.net/aimo/wp-content/uploads/elementor/css/post-114228a08.css]
[demo.casethemes.net/aimo/wp-content/uploads/elementor/css/post-114288a08.css]
[demo.casethemes.net/aimo/wp-content/uploads/elementor/css/post-49618a08.css]
[demo.casethemes.net/aimo/wp-content/uploads/elementor/css/post-65388a08.css]
[demo.casethemes.net/aimo/wp-content/uploads/elementor/css/post-84908a08.css]
[demo.casethemes.net/aimo/wp-content/uploads/elementor/css/post-55418a08.css]
[demo.casethemes.net/aimo/wp-content/themes/aimo/assets/css/libs/magnific-popup.minf488.css]
[demo.casethemes.net/aimo/wp-content/themes/aimo/assets/css/libs/animate.minf488.css]
[demo.casethemes.net/aimo/wp-content/themes/aimo/assets/fonts/flaticon/css/flaticon.min8a54.css]
[demo.casethemes.net/aimo/wp-content/themes/aimo/assets/css/pxl-caseicon.min8a54.css]
[demo.casethemes.net/aimo/wp-content/themes/aimo/assets/css/pxl-grid.min8a54.css]
[demo.casethemes.net/aimo/wp-content/themes/aimo/assets/css/pxl-style.minc767.css]
[demo.casethemes.net/aimo/wp-content/plugins/elementor/assets/lib/font-awesome/css/fontawesome.min52d5.css]
[demo.casethemes.net/aimo/wp-content/plugins/elementor/assets/lib/font-awesome/css/brands.min52d5.css]
[demo.casethemes.net/aimo/wp-includes/js/jquery/jquery.minf43b.js]
[demo.casethemes.net/aimo/wp-includes/js/jquery/jquery-migrate.min5589.js]
[demo.casethemes.net/aimo/wp-content/plugins/case-addons/assets/js/libs/waypoints.minc1b4.js]
[demo.casethemes.net/aimo/wp-content/uploads/siteground-optimizer-assets/tp-tools.min51c0.js]
[demo.casethemes.net/aimo/wp-content/uploads/siteground-optimizer-assets/sr7.min51c0.js]
[demo.casethemes.net/aimo/wp-content/plugins/woocommerce/assets/js/jquery-blockui/jquery.blockUI.min6fb9.js]
[demo.casethemes.net/aimo/wp-content/plugins/woocommerce/assets/js/frontend/add-to-cart.minceb1.js]
[demo.casethemes.net/aimo/wp-content/plugins/woocommerce/assets/js/js-cookie/js.cookie.mine74b.js]
[demo.casethemes.net/aimo/wp-content/plugins/woocommerce/assets/js/frontend/woocommerce.minceb1.js]
[demo.casethemes.net/aimo/wp-content/uploads/2024/09/logo.png]
[demo.casethemes.net/aimo/ai-is-improving-retail-customer-experience/revslider/revslider.php]
[demo.casethemes.net/aimo/ai-is-improving-retail-customer-experience/${e1d2c]
[demo.casethemes.net/aimo/wp-content/themes/aimo/assets/img/logo.png]
[demo.casethemes.net/aimo/wp-content/themes/aimo/assets/img/logo-light.png]
[demo.casethemes.net/aimo/wp-content/uploads/2024/12/cmt-img-df-150x150.jpg]
[demo.casethemes.net/aimo/wp-content/uploads/2024/08/clap.png]
[demo.casethemes.net/aimo/wp-content/plugins/envato-purchase-link/img/envato.png]
[demo.casethemes.net/aimo/ai-is-improving-retail-customer-experience/indexec27.html]
[demo.casethemes.net/aimo/wp-content/plugins/woocommerce/assets/client/blocks/wc-blocks7a01.css]
[demo.casethemes.net/aimo/wp-content/uploads/elementor/css/post-45708a08.css]
[demo.casethemes.net/aimo/wp-content/uploads/siteground-optimizer-assets/pxl-core-main.min8a54.js]
[demo.casethemes.net/aimo/wp-content/plugins/case-user/style/js/notify.min8a54.js]
[demo.casethemes.net/aimo/wp-content/plugins/case-user/style/js/remodal.min8a54.js]
[demo.casethemes.net/aimo/wp-content/uploads/siteground-optimizer-assets/pxl-user-form.min8a54.js]
[demo.casethemes.net/aimo/wp-includes/js/dist/hooks.min4fdd.js]
[demo.casethemes.net/aimo/wp-includes/js/dist/i18n.minc33c.js]
[demo.casethemes.net/aimo/wp-content/uploads/siteground-optimizer-assets/swv.min37ad.js]
[demo.casethemes.net/aimo/wp-content/uploads/siteground-optimizer-assets/contact-form-7.min37ad.js]
[demo.casethemes.net/aimo/wp-content/themes/aimo/assets/js/libs/gsap.min3b71.js]
[demo.casethemes.net/aimo/wp-content/uploads/siteground-optimizer-assets/pxl-scroll-trigger.min2039.js]
[demo.casethemes.net/aimo/wp-content/uploads/siteground-optimizer-assets/pxl-splitText.mina7a0.js]
[demo.casethemes.net/aimo/wp-content/uploads/siteground-optimizer-assets/Snap.svg.min31ec.js]
[demo.casethemes.net/aimo/wp-content/uploads/siteground-optimizer-assets/aimo-elementor.min8a54.js]
[demo.casethemes.net/aimo/wp-content/themes/aimo/assets/js/libs/magnific-popup.minf488.js]
[demo.casethemes.net/aimo/wp-content/themes/aimo/assets/js/libs/wow.min8a54.js]
[demo.casethemes.net/aimo/wp-content/themes/aimo/assets/js/libs/nice-select.mindc98.js]
[demo.casethemes.net/aimo/wp-content/uploads/siteground-optimizer-assets/jquery-riple.mindc98.js]
[demo.casethemes.net/aimo/wp-content/uploads/siteground-optimizer-assets/splittext.mindc98.js]
[demo.casethemes.net/aimo/wp-content/themes/aimo/assets/js/libs/modernizr.mindc98.js]
[demo.casethemes.net/aimo/wp-content/themes/aimo/assets/js/libs/slick.minf488.js]
[demo.casethemes.net/aimo/wp-content/themes/aimo/assets/js/libs/ScrollToPlugin.min03ec.js]
[demo.casethemes.net/aimo/wp-content/themes/aimo/assets/js/libs/InertiaPlugin.min03ec.js]
[demo.casethemes.net/aimo/wp-content/themes/aimo/assets/js/libs/Draggable.min03ec.js]
[demo.casethemes.net/aimo/wp-content/uploads/siteground-optimizer-assets/pxl-parallax-background.min8a54.js]
[demo.casethemes.net/aimo/wp-content/uploads/siteground-optimizer-assets/pxl-parallax-scroll.min8a54.js]
[demo.casethemes.net/aimo/wp-content/uploads/siteground-optimizer-assets/pxl-woocommerce.min8a54.js]
[demo.casethemes.net/aimo/wp-content/uploads/siteground-optimizer-assets/scroll-trigger.min8a54.js]
[demo.casethemes.net/aimo/wp-content/themes/aimo/assets/js/libs/curtains.min8a54.js]
[demo.casethemes.net/aimo/wp-content/uploads/siteground-optimizer-assets/pxl-main.min8a54.js]
[demo.casethemes.net/aimo/wp-includes/js/comment-reply.min9704.js]
[demo.casethemes.net/aimo/wp-content/plugins/woocommerce/assets/js/sourcebuster/sourcebuster.minceb1.js]
[demo.casethemes.net/aimo/wp-content/plugins/woocommerce/assets/js/frontend/order-attribution.minceb1.js]
[demo.casethemes.net/aimo/wp-content/themes/aimo/assets/js/libs/cursor8a54.js]
[demo.casethemes.net/aimo/wp-content/themes/aimo/assets/js/libs/cookie330a.js]
[demo.casethemes.net/aimo/wp-content/plugins/elementor/assets/js/webpack.runtime.min18be.js]
[demo.casethemes.net/aimo/wp-content/plugins/elementor/assets/js/frontend-modules.min18be.js]
[demo.casethemes.net/aimo/wp-includes/js/jquery/ui/core.minb37e.js]
[demo.casethemes.net/aimo/ai-is-improving-retail-customer-experience/index.html]
[demo.casethemes.net/aimo/wp-content/plugins/elementor/assets/lib/font-awesome/css/all.min52d5.css]
[demo.casethemes.net/aimo/wp-content/plugins/case-addons/assets/css/pxl-main-css.min8a54.css]
[demo.casethemes.net/aimo/wp-content/plugins/contact-form-7/includes/css/contact-form-7.min37ad.css]
[demo.casethemes.net/aimo/wp-content/plugins/envato-purchase-link/css/purchase-link-css.min8a54.css]
[demo.casethemes.net/aimo/wp-content/plugins/revslider/public/css/sr7css.min51c0.css]
[demo.casethemes.net/aimo/wp-content/plugins/woocommerce/assets/css/woocommerce-layout.minceb1.css]
[demo.casethemes.net/aimo/wp-content/plugins/woocommerce/assets/css/woocommerce-smallscreen.minceb1.css]
[demo.casethemes.net/aimo/wp-content/plugins/woocommerce/assets/css/woocommerce-general.minceb1.css]
[demo.casethemes.net/aimo/wp-content/plugins/elementor/assets/lib/eicons/css/elementor-icons.min444a.css]
[demo.casethemes.net/aimo/wp-content/uploads/elementor/css/custom-frontend.minf15e.css]
[demo.casethemes.net/aimo/wp-content/plugins/elementor/assets/lib/swiper/v8/css/swiper.min94a4.css]
[demo.casethemes.net/aimo/wp-content/plugins/elementor/assets/css/conditionals/e-swiper.min18be.css]
[demo.casethemes.net/aimo/wp-content/uploads/elementor/css/post-7f15e.css]
[demo.casethemes.net/aimo/wp-content/uploads/elementor/css/post-73630be.css]
[demo.casethemes.net/aimo/wp-content/plugins/elementor/assets/js/frontend.min18be.js]
[demo.casethemes.net/aimo/wp-content/uploads/2024/08/bg-header-sg-blg.jpg]
[demo.casethemes.net/aimo/wp-content/uploads/elementor/css/post-7688cf8.css]
[demo.casethemes.net/aimo/wp-content/uploads/2024/08/bg-ft-main.jpg]
[demo.casethemes.net/aimo/wp-content/uploads/elementor/css/post-78f15e.css]
[demo.casethemes.net/aimo/wp-content/uploads/elementor/css/post-738f15e.css]
[demo.casethemes.net/aimo/wp-content/uploads/elementor/css/post-634f15e.css]
[demo.casethemes.net/aimo/wp-content/uploads/elementor/css/post-674f15e.css]
[demo.casethemes.net/aimo/wp-content/uploads/elementor/css/post-18968a08.css]
[demo.casethemes.net/aimo/wp-content/uploads/elementor/css/post-19108a08.css]
[demo.casethemes.net/aimo/wp-content/uploads/elementor/css/post-29818a08.css]
[demo.casethemes.net/aimo/wp-content/uploads/elementor/css/post-30278a08.css]
[demo.casethemes.net/aimo/wp-content/uploads/elementor/css/post-31798a08.css]
[demo.casethemes.net/aimo/wp-content/uploads/elementor/css/post-31828a08.css]
[demo.casethemes.net/aimo/wp-content/uploads/elementor/css/post-50048a08.css]
[demo.casethemes.net/aimo/wp-content/uploads/elementor/css/post-50058a08.css]
[demo.casethemes.net/aimo/wp-content/uploads/elementor/css/post-51228a08.css]
[demo.casethemes.net/aimo/wp-content/uploads/elementor/css/post-51248a08.css]
[demo.casethemes.net/aimo/wp-content/uploads/elementor/css/post-114228a08.css]
[demo.casethemes.net/aimo/wp-content/uploads/elementor/css/post-114288a08.css]
[demo.casethemes.net/aimo/wp-content/uploads/elementor/css/post-49618a08.css]
[demo.casethemes.net/aimo/wp-content/uploads/elementor/css/post-65388a08.css]
[demo.casethemes.net/aimo/wp-content/uploads/elementor/css/post-84908a08.css]
[demo.casethemes.net/aimo/wp-content/uploads/elementor/css/post-55418a08.css]
[demo.casethemes.net/aimo/wp-content/themes/aimo/assets/css/libs/magnific-popup.minf488.css]
[demo.casethemes.net/aimo/wp-content/themes/aimo/assets/css/libs/animate.minf488.css]
[demo.casethemes.net/aimo/wp-content/themes/aimo/assets/fonts/flaticon/css/flaticon.min8a54.css]
[demo.casethemes.net/aimo/wp-content/themes/aimo/assets/css/pxl-caseicon.min8a54.css]
[demo.casethemes.net/aimo/wp-content/themes/aimo/assets/css/pxl-grid.min8a54.css]
[demo.casethemes.net/aimo/wp-content/themes/aimo/assets/img/Group-3.png]
[demo.casethemes.net/aimo/wp-content/themes/aimo/assets/img/Group-4.png]
[demo.casethemes.net/aimo/wp-content/themes/aimo/assets/img/user-feedback.jpg]
[demo.casethemes.net/aimo/wp-content/themes/aimo/assets/img/sparkle.png]
[demo.casethemes.net/aimo/wp-content/themes/aimo/assets/img/Layer-3.png]
[demo.casethemes.net/aimo/wp-content/themes/aimo/assets/img/sparkle-4.png]
[demo.casethemes.net/aimo/wp-content/themes/aimo/assets/img/arrow-1.png]
[demo.casethemes.net/aimo/wp-content/themes/aimo/assets/img/layer-border.png]
[demo.casethemes.net/aimo/wp-content/themes/aimo/assets/img/Union1.png]
[demo.casethemes.net/aimo/wp-content/themes/aimo/assets/img/Layer-19.png]
[demo.casethemes.net/aimo/wp-content/themes/aimo/assets/img/union-slide.png]
[demo.casethemes.net/aimo/wp-content/themes/aimo/assets/css/pxl-style.minc767.css]
[demo.casethemes.net/aimo/wp-content/themes/aimo/pxl-base.min8a54.css]
[demo.casethemes.net/aimo/wp-content/plugins/elementor/assets/lib/font-awesome/css/fontawesome.min52d5.css]
[demo.casethemes.net/aimo/wp-content/plugins/elementor/assets/lib/font-awesome/css/brands.min52d5.css]
[demo.casethemes.net/aimo/ai-is-improving-retail-customer-experience/revslider/revslider.html]
[demo.casethemes.net/aimo/ai-is-improving-retail-customer-experience/${e1d2c.html]
[demo.casethemes.net/aimo/ai-is-improving-retail-customer-experience/indexec27.html]
[demo.casethemes.net/aimo/wp-content/plugins/woocommerce/assets/client/blocks/wc-blocks7a01.css]
[demo.casethemes.net/aimo/wp-content/uploads/elementor/css/post-45708a08.css]
[demo.casethemes.net/aimo/wp-content/themes/aimo/assets/css/pxl-style.mincdf0.css]
[demo.casethemes.net/aimo/wp-content/themes/aimo/assets/css/pxl-style.mincdf0.css]
